2013-01-05 19:51:35,722 ERROR [main] o.a.n.LogTest [LogTest.java:16] Testing error message, date is: Sat Jan 05 19:51:35 CET 2013
2013-01-05 19:51:35,755 WARN [main] o.a.n.LogTest [LogTest.java:17] Testing exception
java.lang.Exception: Testing exception
	at org.abraxis.nulib.LogTest.testGetLogger(LogTest.java:17) [test-classes/:na]
	at sun.reflect.NativeMethodAccessorImpl.invoke0(Native Method) ~[na:1.7.0]
	at sun.reflect.NativeMethodAccessorImpl.invoke(NativeMethodAccessorImpl.java:57) ~[na:1.7.0]
	at sun.reflect.DelegatingMethodAccessorImpl.invoke(DelegatingMethodAccessorImpl.java:43) ~[na:1.7.0]
	at java.lang.reflect.Method.invoke(Method.java:601) ~[na:1.7.0]
	at org.junit.runners.model.FrameworkMethod$1.runReflectiveCall(FrameworkMethod.java:45) [junit-4.10.jar:na]
	at org.junit.internal.runners.model.ReflectiveCallable.run(ReflectiveCallable.java:15) [junit-4.10.jar:na]
	at org.junit.runners.model.FrameworkMethod.invokeExplosively(FrameworkMethod.java:42) [junit-4.10.jar:na]
	at org.junit.internal.runners.statements.InvokeMethod.evaluate(InvokeMethod.java:20) [junit-4.10.jar:na]
	at org.junit.runners.ParentRunner.runLeaf(ParentRunner.java:263) [junit-4.10.jar:na]
	at org.junit.runners.BlockJUnit4ClassRunner.runChild(BlockJUnit4ClassRunner.java:68) [junit-4.10.jar:na]
	at org.junit.runners.BlockJUnit4ClassRunner.runChild(BlockJUnit4ClassRunner.java:47) [junit-4.10.jar:na]
	at org.junit.runners.ParentRunner$3.run(ParentRunner.java:231) [junit-4.10.jar:na]
	at org.junit.runners.ParentRunner$1.schedule(ParentRunner.java:60) [junit-4.10.jar:na]
	at org.junit.runners.ParentRunner.runChildren(ParentRunner.java:229) [junit-4.10.jar:na]
	at org.junit.runners.ParentRunner.access$000(ParentRunner.java:50) [junit-4.10.jar:na]
	at org.junit.runners.ParentRunner$2.evaluate(ParentRunner.java:222) [junit-4.10.jar:na]
	at org.junit.runners.ParentRunner.run(ParentRunner.java:300) [junit-4.10.jar:na]
	at org.junit.runner.JUnitCore.run(JUnitCore.java:157) [junit-4.10.jar:na]
	at com.intellij.junit4.JUnit4IdeaTestRunner.startRunnerWithArgs(JUnit4IdeaTestRunner.java:76) [junit-rt.jar:na]
	at com.intellij.rt.execution.junit.JUnitStarter.prepareStreamsAndStart(JUnitStarter.java:195) [junit-rt.jar:na]
	at com.intellij.rt.execution.junit.JUnitStarter.main(JUnitStarter.java:63) [junit-rt.jar:na]
	at sun.reflect.NativeMethodAccessorImpl.invoke0(Native Method) ~[na:1.7.0]
	at sun.reflect.NativeMethodAccessorImpl.invoke(NativeMethodAccessorImpl.java:57) ~[na:1.7.0]
	at sun.reflect.DelegatingMethodAccessorImpl.invoke(DelegatingMethodAccessorImpl.java:43) ~[na:1.7.0]
	at java.lang.reflect.Method.invoke(Method.java:601) ~[na:1.7.0]
	at com.intellij.rt.execution.application.AppMain.main(AppMain.java:120) [idea_rt.jar:na]
2013-01-05 19:51:35,766 INFO [main] o.a.n.LogTest [LogTest.java:18] Testing info message
2013-01-05 19:51:35,767 DEBUG [main] o.a.n.LogTest [LogTest.java:19] Testing debug message
